Tue Sep 25 2018 13:31:42 GMT+0530 (India Standard Time): + GET /
Tue Sep 25 2018 13:31:45 GMT+0530 (India Standard Time): + GET /favicon.ico
Tue Sep 25 2018 13:32:00 GMT+0530 (India Standard Time): + GET /about
Tue Sep 25 2018 13:32:00 GMT+0530 (India Standard Time): + GET /lib/bootstrap/css/bootstrap.min.css
Tue Sep 25 2018 13:32:00 GMT+0530 (India Standard Time): + GET /lib/font-awesome/css/font-awesome.css
Tue Sep 25 2018 13:32:00 GMT+0530 (India Standard Time): + GET /css/style-responsive.css
Tue Sep 25 2018 13:32:00 GMT+0530 (India Standard Time): + GET /css/style.css
Tue Sep 25 2018 13:32:00 GMT+0530 (India Standard Time): + GET /avatar.png
Tue Sep 25 2018 13:32:00 GMT+0530 (India Standard Time): + GET /lib/jquery/jquery.min.js
Tue Sep 25 2018 13:32:00 GMT+0530 (India Standard Time): + GET /lib/bootstrap/js/bootstrap.min.js
Tue Sep 25 2018 13:32:00 GMT+0530 (India Standard Time): + GET /lib/jquery.nicescroll.js
Tue Sep 25 2018 13:32:00 GMT+0530 (India Standard Time): + GET /lib/common-scripts.js
Tue Sep 25 2018 13:32:00 GMT+0530 (India Standard Time): + GET /lib/jquery/jquery.min.js
Tue Sep 25 2018 13:32:00 GMT+0530 (India Standard Time): + GET /lib/bootstrap/js/bootstrap.min.js
Tue Sep 25 2018 13:32:00 GMT+0530 (India Standard Time): + GET /lib/jquery.nicescroll.js
Tue Sep 25 2018 13:32:00 GMT+0530 (India Standard Time): + GET /lib/common-scripts.js
Tue Sep 25 2018 13:35:05 GMT+0530 (India Standard Time): + GET /
Tue Sep 25 2018 13:35:10 GMT+0530 (India Standard Time): + GET /
Tue Sep 25 2018 13:35:56 GMT+0530 (India Standard Time): + GET /
Tue Sep 25 2018 13:35:56 GMT+0530 (India Standard Time): + GET /lib/bootstrap/css/bootstrap.min.css
Tue Sep 25 2018 13:35:56 GMT+0530 (India Standard Time): + GET /lib/bootstrap/js/bootstrap.min.js
Tue Sep 25 2018 13:35:56 GMT+0530 (India Standard Time): + GET /lib/font-awesome/css/font-awesome.css
Tue Sep 25 2018 13:35:56 GMT+0530 (India Standard Time): + GET /css/style.css
Tue Sep 25 2018 13:35:56 GMT+0530 (India Standard Time): + GET /lib/jquery/jquery.min.js
Tue Sep 25 2018 13:35:56 GMT+0530 (India Standard Time): + GET /lib/jquery/jquery.min.js
Tue Sep 25 2018 13:35:56 GMT+0530 (India Standard Time): + GET /lib/bootstrap/js/bootstrap.min.js
Tue Sep 25 2018 13:50:46 GMT+0530 (India Standard Time): + GET /
Tue Sep 25 2018 13:50:46 GMT+0530 (India Standard Time): + GET /lib/bootstrap/css/bootstrap.min.css
Tue Sep 25 2018 13:50:46 GMT+0530 (India Standard Time): + GET /lib/font-awesome/css/font-awesome.css
Tue Sep 25 2018 13:50:46 GMT+0530 (India Standard Time): + GET /css/style.css
Tue Sep 25 2018 13:50:46 GMT+0530 (India Standard Time): + GET /lib/jquery/jquery.min.js
Tue Sep 25 2018 13:50:46 GMT+0530 (India Standard Time): + GET /lib/bootstrap/js/bootstrap.min.js
Tue Sep 25 2018 13:50:47 GMT+0530 (India Standard Time): + GET /lib/jquery/jquery.min.js
Tue Sep 25 2018 13:50:47 GMT+0530 (India Standard Time): + GET /lib/bootstrap/js/bootstrap.min.js
Tue Sep 25 2018 13:50:50 GMT+0530 (India Standard Time): + GET /
Tue Sep 25 2018 13:50:51 GMT+0530 (India Standard Time): + GET /lib/bootstrap/css/bootstrap.min.css
Tue Sep 25 2018 13:50:51 GMT+0530 (India Standard Time): + GET /lib/font-awesome/css/font-awesome.css
Tue Sep 25 2018 13:50:51 GMT+0530 (India Standard Time): + GET /css/style.css
Tue Sep 25 2018 13:50:51 GMT+0530 (India Standard Time): + GET /lib/jquery/jquery.min.js
Tue Sep 25 2018 13:50:51 GMT+0530 (India Standard Time): + GET /lib/bootstrap/js/bootstrap.min.js
Tue Sep 25 2018 13:50:51 GMT+0530 (India Standard Time): + GET /lib/jquery/jquery.min.js
Tue Sep 25 2018 13:50:51 GMT+0530 (India Standard Time): + GET /lib/bootstrap/js/bootstrap.min.js
Tue Sep 25 2018 13:50:55 GMT+0530 (India Standard Time): + GET /
Tue Sep 25 2018 13:50:55 GMT+0530 (India Standard Time): + GET /lib/bootstrap/css/bootstrap.min.css
Tue Sep 25 2018 13:50:55 GMT+0530 (India Standard Time): + GET /lib/font-awesome/css/font-awesome.css
Tue Sep 25 2018 13:50:55 GMT+0530 (India Standard Time): + GET /css/style.css
Tue Sep 25 2018 13:50:55 GMT+0530 (India Standard Time): + GET /lib/jquery/jquery.min.js
Tue Sep 25 2018 13:50:55 GMT+0530 (India Standard Time): + GET /lib/bootstrap/js/bootstrap.min.js
Tue Sep 25 2018 13:50:55 GMT+0530 (India Standard Time): + GET /lib/jquery/jquery.min.js
Tue Sep 25 2018 13:50:55 GMT+0530 (India Standard Time): + GET /lib/bootstrap/js/bootstrap.min.js
Tue Sep 25 2018 13:55:55 GMT+0530 (India Standard Time): + GET /
Tue Sep 25 2018 13:55:56 GMT+0530 (India Standard Time): + GET /lib/bootstrap/css/bootstrap.min.css
Tue Sep 25 2018 13:55:56 GMT+0530 (India Standard Time): + GET /lib/font-awesome/css/font-awesome.css
Tue Sep 25 2018 13:55:56 GMT+0530 (India Standard Time): + GET /css/style.css
Tue Sep 25 2018 13:55:56 GMT+0530 (India Standard Time): + GET /lib/jquery/jquery.min.js
Tue Sep 25 2018 13:55:56 GMT+0530 (India Standard Time): + GET /lib/bootstrap/js/bootstrap.min.js
Tue Sep 25 2018 13:55:56 GMT+0530 (India Standard Time): + GET /lib/jquery/jquery.min.js
Tue Sep 25 2018 13:55:57 GMT+0530 (India Standard Time): + GET /lib/bootstrap/js/bootstrap.min.js
Tue Sep 25 2018 13:55:59 GMT+0530 (India Standard Time): + GET /
Tue Sep 25 2018 13:55:59 GMT+0530 (India Standard Time): + GET /lib/bootstrap/css/bootstrap.min.css
Tue Sep 25 2018 13:55:59 GMT+0530 (India Standard Time): + GET /lib/font-awesome/css/font-awesome.css
Tue Sep 25 2018 13:55:59 GMT+0530 (India Standard Time): + GET /css/style.css
Tue Sep 25 2018 13:55:59 GMT+0530 (India Standard Time): + GET /lib/jquery/jquery.min.js
Tue Sep 25 2018 13:55:59 GMT+0530 (India Standard Time): + GET /lib/bootstrap/js/bootstrap.min.js
Tue Sep 25 2018 13:55:59 GMT+0530 (India Standard Time): + GET /lib/jquery/jquery.min.js
Tue Sep 25 2018 13:55:59 GMT+0530 (India Standard Time): + GET /lib/bootstrap/js/bootstrap.min.js
Tue Sep 25 2018 13:56:00 GMT+0530 (India Standard Time): + GET /
Tue Sep 25 2018 13:56:00 GMT+0530 (India Standard Time): + GET /lib/bootstrap/css/bootstrap.min.css
Tue Sep 25 2018 13:56:00 GMT+0530 (India Standard Time): + GET /lib/font-awesome/css/font-awesome.css
Tue Sep 25 2018 13:56:00 GMT+0530 (India Standard Time): + GET /css/style.css
Tue Sep 25 2018 13:56:00 GMT+0530 (India Standard Time): + GET /lib/jquery/jquery.min.js
Tue Sep 25 2018 13:56:00 GMT+0530 (India Standard Time): + GET /lib/bootstrap/js/bootstrap.min.js
Tue Sep 25 2018 13:56:00 GMT+0530 (India Standard Time): + GET /lib/jquery/jquery.min.js
Tue Sep 25 2018 13:56:00 GMT+0530 (India Standard Time): + GET /lib/bootstrap/js/bootstrap.min.js
Tue Sep 25 2018 13:56:01 GMT+0530 (India Standard Time): + GET /
Tue Sep 25 2018 13:56:01 GMT+0530 (India Standard Time): + GET /lib/bootstrap/css/bootstrap.min.css
Tue Sep 25 2018 13:56:01 GMT+0530 (India Standard Time): + GET /lib/font-awesome/css/font-awesome.css
Tue Sep 25 2018 13:56:01 GMT+0530 (India Standard Time): + GET /css/style.css
Tue Sep 25 2018 13:56:01 GMT+0530 (India Standard Time): + GET /lib/jquery/jquery.min.js
Tue Sep 25 2018 13:56:01 GMT+0530 (India Standard Time): + GET /lib/bootstrap/js/bootstrap.min.js
Tue Sep 25 2018 13:56:01 GMT+0530 (India Standard Time): + GET /lib/jquery/jquery.min.js
Tue Sep 25 2018 13:56:01 GMT+0530 (India Standard Time): + GET /lib/bootstrap/js/bootstrap.min.js
Tue Sep 25 2018 13:56:01 GMT+0530 (India Standard Time): + GET /
Tue Sep 25 2018 13:56:01 GMT+0530 (India Standard Time): + GET /lib/bootstrap/css/bootstrap.min.css
Tue Sep 25 2018 13:56:01 GMT+0530 (India Standard Time): + GET /lib/font-awesome/css/font-awesome.css
Tue Sep 25 2018 13:56:01 GMT+0530 (India Standard Time): + GET /css/style.css
Tue Sep 25 2018 13:56:01 GMT+0530 (India Standard Time): + GET /lib/jquery/jquery.min.js
Tue Sep 25 2018 13:56:01 GMT+0530 (India Standard Time): + GET /lib/bootstrap/js/bootstrap.min.js
Tue Sep 25 2018 13:56:01 GMT+0530 (India Standard Time): + GET /lib/jquery/jquery.min.js
Tue Sep 25 2018 13:56:01 GMT+0530 (India Standard Time): + GET /lib/bootstrap/js/bootstrap.min.js
Tue Sep 25 2018 14:02:18 GMT+0530 (India Standard Time): + GET /
Tue Sep 25 2018 14:02:19 GMT+0530 (India Standard Time): + GET /lib/bootstrap/css/bootstrap.min.css
Tue Sep 25 2018 14:02:19 GMT+0530 (India Standard Time): + GET /lib/font-awesome/css/font-awesome.css
Tue Sep 25 2018 14:02:20 GMT+0530 (India Standard Time): + GET /css/style.css
Tue Sep 25 2018 14:02:20 GMT+0530 (India Standard Time): + GET /lib/jquery/jquery.min.js
Tue Sep 25 2018 14:02:20 GMT+0530 (India Standard Time): + GET /lib/bootstrap/js/bootstrap.min.js
Tue Sep 25 2018 14:02:21 GMT+0530 (India Standard Time): + GET /lib/jquery/jquery.min.js
Tue Sep 25 2018 14:02:21 GMT+0530 (India Standard Time): + GET /lib/bootstrap/js/bootstrap.min.js
Tue Sep 25 2018 14:03:56 GMT+0530 (India Standard Time): + GET /
Tue Sep 25 2018 14:03:56 GMT+0530 (India Standard Time): + GET /lib/bootstrap/css/bootstrap.min.css
Tue Sep 25 2018 14:03:56 GMT+0530 (India Standard Time): + GET /lib/font-awesome/css/font-awesome.css
Tue Sep 25 2018 14:03:56 GMT+0530 (India Standard Time): + GET /css/style.css
Tue Sep 25 2018 14:03:56 GMT+0530 (India Standard Time): + GET /lib/jquery/jquery.min.js
Tue Sep 25 2018 14:03:56 GMT+0530 (India Standard Time): + GET /lib/bootstrap/js/bootstrap.min.js
Tue Sep 25 2018 14:03:57 GMT+0530 (India Standard Time): + GET /lib/jquery/jquery.min.js
Tue Sep 25 2018 14:03:57 GMT+0530 (India Standard Time): + GET /lib/bootstrap/js/bootstrap.min.js
Tue Sep 25 2018 14:04:00 GMT+0530 (India Standard Time): + GET /
Tue Sep 25 2018 14:04:00 GMT+0530 (India Standard Time): + GET /lib/bootstrap/css/bootstrap.min.css
Tue Sep 25 2018 14:04:00 GMT+0530 (India Standard Time): + GET /lib/font-awesome/css/font-awesome.css
Tue Sep 25 2018 14:04:00 GMT+0530 (India Standard Time): + GET /css/style.css
Tue Sep 25 2018 14:04:00 GMT+0530 (India Standard Time): + GET /lib/jquery/jquery.min.js
Tue Sep 25 2018 14:04:00 GMT+0530 (India Standard Time): + GET /lib/bootstrap/js/bootstrap.min.js
Tue Sep 25 2018 14:04:00 GMT+0530 (India Standard Time): + GET /lib/jquery/jquery.min.js
Tue Sep 25 2018 14:04:00 GMT+0530 (India Standard Time): + GET /lib/bootstrap/js/bootstrap.min.js
Tue Sep 25 2018 14:04:06 GMT+0530 (India Standard Time): + GET /
Tue Sep 25 2018 14:04:06 GMT+0530 (India Standard Time): + GET /lib/bootstrap/css/bootstrap.min.css
Tue Sep 25 2018 14:04:06 GMT+0530 (India Standard Time): + GET /lib/font-awesome/css/font-awesome.css
Tue Sep 25 2018 14:04:06 GMT+0530 (India Standard Time): + GET /css/style.css
Tue Sep 25 2018 14:04:06 GMT+0530 (India Standard Time): + GET /lib/jquery/jquery.min.js
Tue Sep 25 2018 14:04:06 GMT+0530 (India Standard Time): + GET /lib/bootstrap/js/bootstrap.min.js
Tue Sep 25 2018 14:04:07 GMT+0530 (India Standard Time): + GET /lib/jquery/jquery.min.js
Tue Sep 25 2018 14:04:07 GMT+0530 (India Standard Time): + GET /lib/bootstrap/js/bootstrap.min.js
Tue Sep 25 2018 14:04:10 GMT+0530 (India Standard Time): + GET /
Tue Sep 25 2018 14:04:10 GMT+0530 (India Standard Time): + GET /lib/bootstrap/css/bootstrap.min.css
Tue Sep 25 2018 14:04:10 GMT+0530 (India Standard Time): + GET /lib/font-awesome/css/font-awesome.css
Tue Sep 25 2018 14:04:10 GMT+0530 (India Standard Time): + GET /css/style.css
Tue Sep 25 2018 14:04:10 GMT+0530 (India Standard Time): + GET /lib/jquery/jquery.min.js
Tue Sep 25 2018 14:04:10 GMT+0530 (India Standard Time): + GET /lib/bootstrap/js/bootstrap.min.js
Tue Sep 25 2018 14:04:10 GMT+0530 (India Standard Time): + GET /lib/jquery/jquery.min.js
Tue Sep 25 2018 14:04:10 GMT+0530 (India Standard Time): + GET /lib/bootstrap/js/bootstrap.min.js
Tue Sep 25 2018 14:05:49 GMT+0530 (India Standard Time): + GET /about
Tue Sep 25 2018 14:05:49 GMT+0530 (India Standard Time): + GET /lib/bootstrap/css/bootstrap.min.css
Tue Sep 25 2018 14:05:49 GMT+0530 (India Standard Time): + GET /lib/font-awesome/css/font-awesome.css
Tue Sep 25 2018 14:05:49 GMT+0530 (India Standard Time): + GET /css/style-responsive.css
Tue Sep 25 2018 14:05:49 GMT+0530 (India Standard Time): + GET /css/style.css
Tue Sep 25 2018 14:05:49 GMT+0530 (India Standard Time): + GET /avatar.png
Tue Sep 25 2018 14:05:49 GMT+0530 (India Standard Time): + GET /lib/jquery/jquery.min.js
Tue Sep 25 2018 14:05:50 GMT+0530 (India Standard Time): + GET /lib/bootstrap/js/bootstrap.min.js
Tue Sep 25 2018 14:05:50 GMT+0530 (India Standard Time): + GET /lib/jquery.nicescroll.js
Tue Sep 25 2018 14:05:50 GMT+0530 (India Standard Time): + GET /lib/common-scripts.js
Tue Sep 25 2018 14:05:50 GMT+0530 (India Standard Time): + GET /lib/jquery/jquery.min.js
Tue Sep 25 2018 14:05:50 GMT+0530 (India Standard Time): + GET /lib/bootstrap/js/bootstrap.min.js
Tue Sep 25 2018 14:05:50 GMT+0530 (India Standard Time): + GET /lib/jquery.nicescroll.js
Tue Sep 25 2018 14:05:50 GMT+0530 (India Standard Time): + GET /lib/common-scripts.js
